<?xml version="1.0" encoding="UTF-8"?>
<testng-results ignored="0" total="1" passed="1" failed="0" skipped="0">
  <reporter-output>
  </reporter-output>
  <suite started-at="2023-07-18T12:09:01 IST" name="Default suite" finished-at="2023-07-18T12:09:01 IST" duration-ms="145">
    <groups>
    </groups>
    <test started-at="2023-07-18T12:09:01 IST" name="Default test" finished-at="2023-07-18T12:09:01 IST" duration-ms="145">
      <class name="com.log4j2.Logs">
        <test-method signature="LogsGenerate()[pri:0, instance:com.log4j2.Logs@55322aab]" started-at="2023-07-18T12:09:01 IST" name="LogsGenerate" finished-at="2023-07-18T12:09:01 IST" duration-ms="41" status="PASS">
          <reporter-output>
          </reporter-output>
        </test-method> <!-- LogsGenerate -->
      </class> <!-- com.log4j2.Logs -->
    </test> <!-- Default test -->
  </suite> <!-- Default suite -->
</testng-results>
